<?xml version="1.0" encoding="UTF-8"?>
<testsuite name="MainTest" tests="1" skipped="0" failures="0" errors="0" timestamp="2022-11-23T14:32:26" hostname="DESKTOP-5OLIE7E" time="0.014">
  <properties/>
  <testcase name="exception()" classname="MainTest" time="0.014"/>
  <system-out><![CDATA[]]></system-out>
  <system-err><![CDATA[]]></system-err>
</testsuite>
